[16:53:48.416] [INFO] Storybook upgrade - v10.2.16
[16:53:48.418] [INFO] detect-projects-spinner-start: Detecting projects...
[16:53:48.418] [DEBUG] Finding Storybook projects...
[16:53:48.638] [DEBUG] Found 1 Storybook projects
[16:53:48.639] [INFO] detect-projects-spinner: Detecting projects: 1 projects
[16:53:48.639] [DEBUG] Getting Storybook data...
[16:53:48.639] [DEBUG] Getting Storybook info...
[16:53:48.831] [DEBUG] Loading main config...
[16:53:48.831] [DEBUG] Getting stories paths...
[16:53:48.839] [DEBUG] Getting package manager...
[16:53:49.201] [DEBUG] Getting package.json info for /Users/juliusossim/Documents/fashion/package.json...
[16:53:49.201] [DEBUG] Getting Storybook version...
[16:53:49.201] [DEBUG] Detecting CSF factory usage...
[16:53:49.211] [DEBUG] /libs/shared/components/.storybook - Validating before version... 10.2.3
[16:53:49.211] [DEBUG] /libs/shared/components/.storybook - Validating upgrade compatibility...
[16:53:49.211] [DEBUG] /libs/shared/components/.storybook - Fetching NPM version information...
[16:53:49.211] [DEBUG] Getting CLI versions from NPM for storybook...
[16:53:49.211] [DEBUG] Executing command: pnpm info storybook version
[16:53:49.214] [DEBUG] Getting CLI versions from NPM for storybook@next...
[16:53:49.214] [DEBUG] Executing command: pnpm info storybook@next version
[16:53:49.818] [DEBUG] /libs/shared/components/.storybook - Evaluating blockers...
[16:53:49.826] [DEBUG] Getting installed version for @storybook/experimental-addon-test...
[16:53:49.826] [DEBUG] Executing command: pnpm list "@storybook/experimental-addon-test" --json --depth=99
[16:53:50.000] [DEBUG] Installed version for @storybook/experimental-addon-test: null
[16:53:50.000] [INFO] detect-projects-spinner-stop: 1 project detected
[16:53:50.000] [DEBUG] Found 1 valid projects and 0 error projects
[16:53:50.000] [INFO] Upgrading from [1m10.2.3[22m to [1m10.2.16[22m
[16:53:50.001] [INFO] upgrade-dependencies-task-start: Fetching versions to update package.json files..
[16:53:50.001] [DEBUG] Updating dependencies in /libs/shared/components/.storybook...
[16:53:50.001] [INFO] upgrade-dependencies-task: /libs/shared/components/package.json
/package.json
[16:53:50.001] [DEBUG] Using cached package.json for /Users/juliusossim/Documents/fashion/libs/shared/components/package.json...
[16:53:50.001] [DEBUG] {
  "upgradedDependencies": []
}
[16:53:50.001] [DEBUG] {
  "upgradedDevDependencies": []
}
[16:53:50.001] [DEBUG] {
  "upgradedPeerDependencies": []
}
[16:53:50.001] [DEBUG] Getting package.json info for /Users/juliusossim/Documents/fashion/libs/shared/components/package.json...
[16:53:50.001] [DEBUG] Using cached package.json for /Users/juliusossim/Documents/fashion/libs/shared/components/package.json...
[16:53:50.001] [DEBUG] Using cached package.json for /Users/juliusossim/Documents/fashion/libs/shared/components/package.json...
[16:53:50.001] [DEBUG] Getting package.json info for /Users/juliusossim/Documents/fashion/libs/shared/components/package.json...
[16:53:50.001] [DEBUG] Using cached package.json for /Users/juliusossim/Documents/fashion/libs/shared/components/package.json...
[16:53:50.001] [DEBUG] Using cached package.json for /Users/juliusossim/Documents/fashion/libs/shared/components/package.json...
[16:53:50.002] [DEBUG] Getting package.json info for /Users/juliusossim/Documents/fashion/libs/shared/components/package.json...
[16:53:50.002] [DEBUG] Using cached package.json for /Users/juliusossim/Documents/fashion/libs/shared/components/package.json...
[16:53:50.002] [DEBUG] Using cached package.json for /Users/juliusossim/Documents/fashion/libs/shared/components/package.json...
[16:53:50.002] [DEBUG] Using cached package.json for /Users/juliusossim/Documents/fashion/package.json...
[16:53:50.002] [DEBUG] {
  "upgradedDependencies": []
}
[16:53:50.002] [DEBUG] {
  "upgradedDevDependencies": [
    "@storybook/react-vite@10.2.16",
    "eslint-plugin-storybook@10.2.16",
    "storybook@10.2.16"
  ]
}
[16:53:50.002] [DEBUG] {
  "upgradedPeerDependencies": []
}
[16:53:50.002] [DEBUG] Getting package.json info for /Users/juliusossim/Documents/fashion/package.json...
[16:53:50.002] [DEBUG] Using cached package.json for /Users/juliusossim/Documents/fashion/package.json...
[16:53:50.002] [DEBUG] Using cached package.json for /Users/juliusossim/Documents/fashion/package.json...
[16:53:50.002] [DEBUG] Getting package.json info for /Users/juliusossim/Documents/fashion/package.json...
[16:53:50.002] [DEBUG] Using cached package.json for /Users/juliusossim/Documents/fashion/package.json...
[16:53:50.002] [DEBUG] Getting CLI versions from NPM for @storybook/react-vite...
[16:53:50.002] [DEBUG] Executing command: pnpm info @storybook/react-vite version
[16:53:50.510] [DEBUG] Getting CLI versions from NPM for eslint-plugin-storybook...
[16:53:50.510] [DEBUG] Executing command: pnpm info eslint-plugin-storybook version
[16:53:51.080] [DEBUG] Using cached version for storybook...
[16:53:51.080] [DEBUG] Using cached package.json for /Users/juliusossim/Documents/fashion/package.json...
[16:53:51.081] [DEBUG] Getting package.json info for /Users/juliusossim/Documents/fashion/package.json...
[16:53:51.081] [DEBUG] Using cached package.json for /Users/juliusossim/Documents/fashion/package.json...
[16:53:51.081] [DEBUG] Using cached package.json for /Users/juliusossim/Documents/fashion/package.json...
[16:53:51.081] [INFO] upgrade-dependencies-task-success: Updated package versions in package.json files
[16:53:51.081] [INFO] detect-automigrations-task-start: Detecting automigrations...
[16:53:51.081] [DEBUG] Starting automigration collection across 1 projects and 19 fixes...
[16:53:51.081] [INFO] detect-automigrations-task: Checking automigrations for /libs/shared/components/.storybook...
[16:53:51.081] [DEBUG] Processing project: /libs/shared/components/.storybook
[16:53:51.081] [DEBUG] Checking fix eslintPlugin for project /libs/shared/components/.storybook...
[16:53:51.081] [DEBUG] Using cached package.json for /Users/juliusossim/Documents/fashion/libs/shared/components/package.json...
[16:53:51.081] [DEBUG] Using cached package.json for /Users/juliusossim/Documents/fashion/package.json...
[16:53:51.081] [DEBUG] Using cached package.json for /Users/juliusossim/Documents/fashion/package.json...
[16:53:51.082] [DEBUG] Checking fix addon-mdx-gfm-remove for project /libs/shared/components/.storybook...
[16:53:51.082] [DEBUG] Using cached package.json for /Users/juliusossim/Documents/fashion/libs/shared/components/package.json...
[16:53:51.082] [DEBUG] Using cached package.json for /Users/juliusossim/Documents/fashion/package.json...
[16:53:51.082] [DEBUG] Checking fix addon-storysource-code-panel for project /libs/shared/components/.storybook...
[16:53:51.082] [DEBUG] Checking fix upgrade-storybook-related-dependencies for project /libs/shared/components/.storybook...
[16:53:51.082] [DEBUG] Checking for incompatible storybook packages...
[16:53:51.082] [DEBUG] Using cached package.json for /Users/juliusossim/Documents/fashion/libs/shared/components/package.json...
[16:53:51.082] [DEBUG] Using cached package.json for /Users/juliusossim/Documents/fashion/package.json...
[16:53:51.083] [DEBUG] Using cached package.json for /Users/juliusossim/Documents/fashion/libs/shared/components/package.json...
[16:53:51.083] [DEBUG] Using cached package.json for /Users/juliusossim/Documents/fashion/package.json...
[16:53:51.083] [DEBUG] Getting installed version for @nx/storybook...
[16:53:51.083] [DEBUG] Executing command: pnpm list "@nx/storybook" --json --depth=99
[16:53:51.259] [DEBUG] Installed version for @nx/storybook: null
[16:53:51.259] [DEBUG] Getting CLI versions from NPM for @nx/storybook...
[16:53:51.259] [DEBUG] Executing command: pnpm info @nx/storybook version
[16:53:52.143] [DEBUG] Checking fix initial-globals for project /libs/shared/components/.storybook...
[16:53:52.145] [DEBUG] Checking fix addon-globals-api for project /libs/shared/components/.storybook...
[16:53:52.147] [DEBUG] Checking fix addon-a11y-addon-test for project /libs/shared/components/.storybook...
[16:53:52.147] [DEBUG] Checking fix consolidated-imports for project /libs/shared/components/.storybook...
[16:53:52.147] [DEBUG] Checking fix addon-experimental-test for project /libs/shared/components/.storybook...
[16:53:52.147] [DEBUG] Using cached installed version for @storybook/experimental-addon-test...
[16:53:52.147] [DEBUG] Checking fix rnstorybook-config for project /libs/shared/components/.storybook...
[16:53:52.147] [DEBUG] Using cached package.json for /Users/juliusossim/Documents/fashion/libs/shared/components/package.json...
[16:53:52.147] [DEBUG] Using cached package.json for /Users/juliusossim/Documents/fashion/package.json...
[16:53:52.147] [DEBUG] Checking fix migrate-addon-console for project /libs/shared/components/.storybook...
[16:53:52.147] [DEBUG] Using cached package.json for /Users/juliusossim/Documents/fashion/libs/shared/components/package.json...
[16:53:52.147] [DEBUG] Using cached package.json for /Users/juliusossim/Documents/fashion/package.json...
[16:53:52.147] [DEBUG] Checking fix nextjs-to-nextjs-vite for project /libs/shared/components/.storybook...
[16:53:52.147] [DEBUG] Using cached package.json for /Users/juliusossim/Documents/fashion/libs/shared/components/package.json...
[16:53:52.147] [DEBUG] Using cached package.json for /Users/juliusossim/Documents/fashion/package.json...
[16:53:52.147] [DEBUG] Checking fix remove-addon-interactions for project /libs/shared/components/.storybook...
[16:53:52.147] [DEBUG] Using cached package.json for /Users/juliusossim/Documents/fashion/libs/shared/components/package.json...
[16:53:52.147] [DEBUG] Using cached package.json for /Users/juliusossim/Documents/fashion/package.json...
[16:53:52.147] [DEBUG] Checking fix renderer-to-framework for project /libs/shared/components/.storybook...
[16:53:52.148] [DEBUG] Checking fix remove-essential-addons for project /libs/shared/components/.storybook...
[16:53:52.148] [DEBUG] Using cached package.json for /Users/juliusossim/Documents/fashion/libs/shared/components/package.json...
[16:53:52.148] [DEBUG] Using cached package.json for /Users/juliusossim/Documents/fashion/package.json...
[16:53:52.148] [DEBUG] Checking fix addon-a11y-parameters for project /libs/shared/components/.storybook...
[16:53:52.148] [DEBUG] Checking fix remove-docs-autodocs for project /libs/shared/components/.storybook...
[16:53:52.150] [DEBUG] Checking fix wrap-getAbsolutePath for project /libs/shared/components/.storybook...
[16:53:52.152] [DEBUG] Checking fix fix-faux-esm-require for project /libs/shared/components/.storybook...
[16:53:52.153] [INFO] detect-automigrations-task: 
Automigrations detected:
[16:53:52.153] [INFO] detect-automigrations-task-success: No automigrations detected
[16:53:52.153] [DEBUG] Completed automigrations for /libs/shared/components/.storybook
[16:53:52.153] [INFO] Installing dependencies...
[16:53:52.153] [INFO] install-dependencies-spinner-start: Installing dependencies...
[16:53:52.153] [DEBUG] Executing command: pnpm install -w
[16:53:52.476] [INFO] Installing dependencies...: Progress: resolved 1, reused 0, downloaded 0, added 0

[16:53:52.476] [INFO] install-dependencies-spinner: Installing dependencies...: Progress: resolved 1, reu
[16:53:52.801] [INFO] Installing dependencies...: /Users/juliusossim/Documents/fashion/libs/shared/components:
 ERR_PNPM_FETCH_404  GET https://registry.npmjs.org/@org%2Fmodels: Not Found - 404

This error happened while installing a direct dependency of /Users/juliusossim/Documents/fashion/libs/shared/components

@org/models is not in the npm registry, or you have no permission to fetch it.

No authorization header was set for the request.

[16:53:52.801] [INFO] install-dependencies-spinner: Installing dependencies...: /Users/juliusossim/Docume
[16:53:52.831] [ERROR] Installation of dependencies failed! {"error":"ExecaError: Command failed with exit code 1: pnpm install -w\n\nProgress: resolved 1, reused 0, downloaded 0, added 0\n/Users/juliusossim/Documents/fashion/libs/shared/components:\n\\u2009ERR_PNPM_FETCH_404\\u2009 GET https://registry.npmjs.org/@org%2Fmodels: Not Found - 404\n\nThis error happened while installing a direct dependency of /Users/juliusossim/Documents/fashion/libs/shared/components\n\n@org/models is not in the npm registry, or you have no permission to fetch it.\n\nNo authorization header was set for the request.\n    at getFinalError (file:///Users/juliusossim/.npm/_npx/8a3a56b39c182c4a/node_modules/storybook/dist/_node-chunks/chunk-UXMBIWPQ.js:13109:10)\n    at makeError (file:///Users/juliusossim/.npm/_npx/8a3a56b39c182c4a/node_modules/storybook/dist/_node-chunks/chunk-UXMBIWPQ.js:14645:15)\n    at getAsyncResult (file:///Users/juliusossim/.npm/_npx/8a3a56b39c182c4a/node_modules/storybook/dist/_node-chunks/chunk-UXMBIWPQ.js:17291:158)\n    at handlePromise (file:///Users/juliusossim/.npm/_npx/8a3a56b39c182c4a/node_modules/storybook/dist/_node-chunks/chunk-UXMBIWPQ.js:17277:162)\n    at async Object.executeTaskWithSpinner (file:///Users/juliusossim/.npm/_npx/8a3a56b39c182c4a/node_modules/storybook/dist/_node-chunks/chunk-4BDUSOYP.js:3683:11)\n    at async PNPMProxy.installDependencies (file:///Users/juliusossim/.npm/_npx/8a3a56b39c182c4a/node_modules/storybook/dist/_node-chunks/chunk-UXMBIWPQ.js:11258:5)\n    at async upgrade (file:///Users/juliusossim/.npm/_npx/8a3a56b39c182c4a/node_modules/@storybook/cli/dist/_node-chunks/run-WYO5D2BM.js:9533:103)\n    at async file:///Users/juliusossim/.npm/_npx/8a3a56b39c182c4a/node_modules/@storybook/cli/dist/_node-chunks/run-WYO5D2BM.js:9669:70\n    at async withTelemetry (file:///Users/juliusossim/.npm/_npx/8a3a56b39c182c4a/node_modules/storybook/dist/_node-chunks/chunk-CSGMAQQ4.js:218:12)\n    at async Command.<anonymous> (file:///Users/juliusossim/.npm/_npx/8a3a56b39c182c4a/node_modules/@storybook/cli/dist/_node-chunks/run-WYO5D2BM.js:9665:3)"}
[16:53:52.831] [ERROR] install-dependencies-spinner-error: [31mInstallation of dependencies failed![39m
[16:53:52.831] [ERROR] [38;2;241;97;97mExecaError: Command failed with exit code 1: pnpm install -w

Progress: resolved 1, reused 0, downloaded 0, added 0
./libs/shared/components:
\u2009ERR_PNPM_FETCH_404\u2009 GET https://registry.npmjs.org/@org%2Fmodels: Not Found - 404

This error happened while installing a direct dependency of ./libs/shared/components

@org/models is not in the npm registry, or you have no permission to fetch it.

No authorization header was set for the request.[39m
    at getFinalError (file:///Users/juliusossim/.npm/_npx/8a3a56b39c182c4a/node_modules/storybook/dist/_node-chunks/chunk-UXMBIWPQ.js:13109:10)
    at makeError (file:///Users/juliusossim/.npm/_npx/8a3a56b39c182c4a/node_modules/storybook/dist/_node-chunks/chunk-UXMBIWPQ.js:14645:15)
    at getAsyncResult (file:///Users/juliusossim/.npm/_npx/8a3a56b39c182c4a/node_modules/storybook/dist/_node-chunks/chunk-UXMBIWPQ.js:17291:158)
    at handlePromise (file:///Users/juliusossim/.npm/_npx/8a3a56b39c182c4a/node_modules/storybook/dist/_node-chunks/chunk-UXMBIWPQ.js:17277:162)
    at async Object.executeTaskWithSpinner (file:///Users/juliusossim/.npm/_npx/8a3a56b39c182c4a/node_modules/storybook/dist/_node-chunks/chunk-4BDUSOYP.js:3683:11)
    at async PNPMProxy.installDependencies (file:///Users/juliusossim/.npm/_npx/8a3a56b39c182c4a/node_modules/storybook/dist/_node-chunks/chunk-UXMBIWPQ.js:11258:5)
    at async upgrade (file:///Users/juliusossim/.npm/_npx/8a3a56b39c182c4a/node_modules/@storybook/cli/dist/_node-chunks/run-WYO5D2BM.js:9533:103)
    at async file:///Users/juliusossim/.npm/_npx/8a3a56b39c182c4a/node_modules/@storybook/cli/dist/_node-chunks/run-WYO5D2BM.js:9669:70
    at async withTelemetry (file:///Users/juliusossim/.npm/_npx/8a3a56b39c182c4a/node_modules/storybook/dist/_node-chunks/chunk-CSGMAQQ4.js:218:12)
    at async Command.<anonymous> (file:///Users/juliusossim/.npm/_npx/8a3a56b39c182c4a/node_modules/@storybook/cli/dist/_node-chunks/run-WYO5D2BM.js:9665:3)
[16:53:52.834] [INFO] Storybook collects completely anonymous usage telemetry. We use it to shape Storybook's roadmap and prioritize features. You can learn more, including how to opt out, at https://storybook.js.org/telemetry
[16:53:53.828] [ERROR] ExecaError: Command failed with exit code 1: pnpm install -w

Progress: resolved 1, reused 0, downloaded 0, added 0
./libs/shared/components:
\u2009ERR_PNPM_FETCH_404\u2009 GET https://registry.npmjs.org/@org%2Fmodels: Not Found - 404

This error happened while installing a direct dependency of ./libs/shared/components

@org/models is not in the npm registry, or you have no permission to fetch it.

No authorization header was set for the request.